[Wed Apr 28 07:06:47 2021] class_ReadingCNCfiles folderCNC -> uploads/956856591
[Wed Apr 28 07:06:47 2021] arrNameFile[0] -> .
[Wed Apr 28 07:06:47 2021] arrNameFile[1] -> ..
[Wed Apr 28 07:06:47 2021] arrNameFile[2] -> 111_6_SpecForCNC-копия.csv
[Wed Apr 28 07:06:47 2021] arrNameFile[3] -> 3.2_31_2.CNC
[Wed Apr 28 07:06:47 2021] arrNameFile[4] -> 3.2_33_2.CNC
[Wed Apr 28 07:06:47 2021] arrNameFile[5] -> 3.2_35_1.CNC
[Wed Apr 28 07:06:47 2021] arrNameFile[6] -> 4.1_13_1.CNC
[Wed Apr 28 07:06:47 2021] arrNameFile[7] -> 4.1_13_2.CNC
[Wed Apr 28 07:06:47 2021] arrNameFile[8] -> 4.1_16_1.CNC
[Wed Apr 28 07:06:47 2021] arrNameFile[9] -> 4.1_17_1.CNC
[Wed Apr 28 07:06:47 2021] arrNameFile[10] -> 4.1_5_1.CNC
[Wed Apr 28 07:06:47 2021] arrNameFile[11] -> 4.1_8_1.CNC
[Wed Apr 28 07:06:47 2021] caller -> class_ReadingCNCfiles
[Wed Apr 28 07:06:47 2021] fileCNC -> не файл
[Wed Apr 28 07:06:47 2021] caller -> class_ReadingCNCfiles
[Wed Apr 28 07:06:47 2021] fileCNC -> uploads/956856591/3.2_31_2.CNC
[Wed Apr 28 07:06:47 2021] caller -> class_ReadingCNCfiles
[Wed Apr 28 07:06:47 2021] fileCNC -> uploads/956856591/3.2_33_2.CNC
[Wed Apr 28 07:06:47 2021] caller -> class_ReadingCNCfiles
[Wed Apr 28 07:06:47 2021] fileCNC -> uploads/956856591/3.2_35_1.CNC
[Wed Apr 28 07:06:47 2021] caller -> class_ReadingCNCfiles
[Wed Apr 28 07:06:47 2021] fileCNC -> uploads/956856591/4.1_13_1.CNC
[Wed Apr 28 07:06:47 2021] caller -> class_ReadingCNCfiles
[Wed Apr 28 07:06:47 2021] fileCNC -> uploads/956856591/4.1_13_2.CNC
[Wed Apr 28 07:06:47 2021] caller -> class_ReadingCNCfiles
[Wed Apr 28 07:06:47 2021] fileCNC -> uploads/956856591/4.1_16_1.CNC
[Wed Apr 28 07:06:47 2021] caller -> class_ReadingCNCfiles
[Wed Apr 28 07:06:47 2021] fileCNC -> uploads/956856591/4.1_17_1.CNC
[Wed Apr 28 07:06:47 2021] caller -> class_ReadingCNCfiles
[Wed Apr 28 07:06:47 2021] fileCNC -> uploads/956856591/4.1_5_1.CNC
[Wed Apr 28 07:06:47 2021] return CNC\checkCPU.php 
[Wed Apr 28 07:06:47 2021] CSV = uploads/956856591/111_6_SpecForCNC-копия.csv
[Wed Apr 28 07:06:47 2021] exists()= 1
[Wed Apr 28 07:06:47 2021] exists()= 1
[Wed Apr 28 07:06:47 2021] class_ReadingCNCfiles folderCNC -> uploads/956856591
[Wed Apr 28 07:06:47 2021] arrNameFile[0] -> .
[Wed Apr 28 07:06:47 2021] arrNameFile[1] -> ..
[Wed Apr 28 07:06:47 2021] arrNameFile[2] -> 111_6_SpecForCNC-копия.csv
[Wed Apr 28 07:06:47 2021] arrNameFile[3] -> 3.2_31_2.CNC
[Wed Apr 28 07:06:47 2021] arrNameFile[4] -> 3.2_33_2.CNC
[Wed Apr 28 07:06:47 2021] arrNameFile[5] -> 3.2_35_1.CNC
[Wed Apr 28 07:06:47 2021] arrNameFile[6] -> 4.1_13_1.CNC
[Wed Apr 28 07:06:47 2021] arrNameFile[7] -> 4.1_13_2.CNC
[Wed Apr 28 07:06:47 2021] arrNameFile[8] -> 4.1_16_1.CNC
[Wed Apr 28 07:06:47 2021] arrNameFile[9] -> 4.1_17_1.CNC
[Wed Apr 28 07:06:47 2021] arrNameFile[10] -> 4.1_5_1.CNC
[Wed Apr 28 07:06:47 2021] arrNameFile[11] -> 4.1_8_1.CNC
[Wed Apr 28 07:06:47 2021] caller -> class_ReadingCNCfiles
[Wed Apr 28 07:06:47 2021] fileCNC -> не файл
[Wed Apr 28 07:06:47 2021] caller -> class_ReadingCNCfiles
[Wed Apr 28 07:06:47 2021] fileCNC -> uploads/956856591/3.2_31_2.CNC
[Wed Apr 28 07:06:47 2021] caller -> class_ReadingCNCfiles
[Wed Apr 28 07:06:47 2021] fileCNC -> uploads/956856591/3.2_33_2.CNC
[Wed Apr 28 07:06:47 2021] caller -> class_ReadingCNCfiles
[Wed Apr 28 07:06:47 2021] fileCNC -> uploads/956856591/3.2_35_1.CNC
[Wed Apr 28 07:06:47 2021] caller -> class_ReadingCNCfiles
[Wed Apr 28 07:06:47 2021] fileCNC -> uploads/956856591/4.1_13_1.CNC
[Wed Apr 28 07:06:47 2021] caller -> class_ReadingCNCfiles
[Wed Apr 28 07:06:47 2021] fileCNC -> uploads/956856591/4.1_13_2.CNC
[Wed Apr 28 07:06:47 2021] caller -> class_ReadingCNCfiles
[Wed Apr 28 07:06:47 2021] fileCNC -> uploads/956856591/4.1_16_1.CNC
[Wed Apr 28 07:06:47 2021] caller -> class_ReadingCNCfiles
[Wed Apr 28 07:06:47 2021] fileCNC -> uploads/956856591/4.1_17_1.CNC
[Wed Apr 28 07:06:47 2021] caller -> class_ReadingCNCfiles
[Wed Apr 28 07:06:47 2021] fileCNC -> uploads/956856591/4.1_5_1.CNC
[Wed Apr 28 07:06:47 2021] getSpecification -> 956856591
[Wed Apr 28 07:06:47 2021] getSpecification -> 3.2_31_2.CNC
[Wed Apr 28 07:06:47 2021] getSpecification -> 3.2_33_2.CNC
[Wed Apr 28 07:06:47 2021] getSpecification -> 3.2_35_1.CNC
[Wed Apr 28 07:06:47 2021] getSpecification -> 4.1_13_1.CNC
[Wed Apr 28 07:06:47 2021] getSpecification -> 4.1_13_2.CNC
[Wed Apr 28 07:06:47 2021] getSpecification -> 4.1_16_1.CNC
[Wed Apr 28 07:06:47 2021] getSpecification -> 4.1_17_1.CNC
[Wed Apr 28 07:06:47 2021] getSpecification -> 4.1_5_1.CNC
[Wed Apr 28 07:06:47 2021] return CNC\check_specification_CSV.php 
